[2026-03-22 19:30:01] === TBA update started ===
[2026-03-22 19:30:01] Matches in DB before import: 391 total, 389 completed
[2026-03-22 19:30:01] Running import_matches.py...
Fetching 2026fma event list from TBA...
  10 events: ['2026mrcmp', '2026njfla', '2026njrob', '2026njski', '2026njtab', '2026njwas', '2026paben', '2026pahat', '2026paphi', '2026pawar']

  2026mrcmp: 0 finals match(es) in DB — fetching from TBA...
    Saved 0 matches to 2026mrcmp_matches.json
    No matches yet — fetching registered team list for 2026mrcmp...
    3 teams registered: frc1218, frc272, frc316
  2026njfla: 0 finals match(es) in DB — fetching from TBA...
    Saved 0 matches to 2026njfla_matches.json
    No matches yet — fetching registered team list for 2026njfla...
    34 teams registered: frc10232, frc10366, frc10995, frc10997, frc11, frc1626, frc1676, frc1811, frc193, frc219, frc222, frc223, frc3142, frc41, frc430, frc4652, frc4653, frc555, frc5624, frc5732, frc5992, frc6016, frc6860, frc6945, frc7045, frc8075, frc8117, frc8513, frc8628, frc8706, frc8707, frc8771, frc9116, frc9424
  2026njrob: 1 unresolved match(es) in DB — fetching from TBA...
    Saved 73 matches to 2026njrob_matches.json
Done 2026njrob. Inserted 0 matches, skipped 73 duplicates -> matches.db
  2026njski: 0 finals match(es) in DB — fetching from TBA...
    Saved 0 matches to 2026njski_matches.json
    No matches yet — fetching registered team list for 2026njski...
    35 teams registered: frc102, frc10232, frc10366, frc11104, frc1279, frc1403, frc2191, frc2458, frc2495, frc25, frc2577, frc293, frc303, frc3314, frc3340, frc3637, frc428, frc433, frc4361, frc4573, frc4750, frc484, frc5407, frc5438, frc56, frc5895, frc6860, frc6897, frc7045, frc75, frc8130, frc8588, frc8628, frc8714, frc9424
  2026njtab: 2 finals match(es) already in DB, no unresolved — skipping fetch
  2026njwas: 2 finals match(es) already in DB, no unresolved — skipping fetch
  2026paben: 0 finals match(es) in DB — fetching from TBA...
    Saved 0 matches to 2026paben_matches.json
    No matches yet — fetching registered team list for 2026paben...
    34 teams registered: frc10143, frc103, frc10584, frc1089, frc1257, frc1640, frc1712, frc1807, frc2016, frc2539, frc2554, frc2590, frc2722, frc316, frc321, frc427, frc4285, frc4342, frc4575, frc4637, frc4750, frc5401, frc5490, frc5789, frc714, frc7414, frc7587, frc834, frc8630, frc87, frc8704, frc8721, frc9027, frc9100
  2026pahat: 2 finals match(es) already in DB, no unresolved — skipping fetch
  2026paphi: 0 finals match(es) in DB — fetching from TBA...
    Saved 0 matches to 2026paphi_matches.json
    No matches yet — fetching registered team list for 2026paphi...
    29 teams registered: frc10143, frc10170, frc10600, frc10918, frc10949, frc10979, frc10989, frc11225, frc1218, frc1279, frc1391, frc1811, frc2016, frc203, frc204, frc2180, frc2720, frc321, frc365, frc423, frc4575, frc4638, frc501, frc6921, frc708, frc714, frc816, frc8630, frc9094
  2026pawar: 1 unresolved match(es) in DB — fetching from TBA...
    Saved 81 matches to 2026pawar_matches.json
Done 2026pawar. Inserted 0 matches, skipped 81 duplicates -> matches.db

Syncing team names...
[2026-03-22 19:30:01] Matches in DB after import: 391 total, 389 completed
[2026-03-22 19:30:01] Running create_view.py...
Loading data from matches.db...
  132 teams, 391 matches  →  Region Wide.html
  29 teams, 74 matches  →  2026njro.html
  32 teams, 79 matches  →  2026njta.html
  30 teams, 75 matches  →  2026njwa.html
  33 teams, 81 matches  →  2026paha.html
  33 teams, 82 matches  →  2026pawa.html
  3 teams (upcoming)  →  2026mrcmp.html
  34 teams (upcoming)  →  2026njfla.html
  35 teams (upcoming)  →  2026njski.html
  34 teams (upcoming)  →  2026paben.html
  29 teams (upcoming)  →  2026paphi.html
  index.html  →  11 pages listed
Done. Generated 12 file(s).
[2026-03-22 19:30:01] Staging changes...
[main c0f8fe7] Auto-update: matches 391->391 (+0), completed 389->389 (+0) [2026-03-22 19:30:01]
 13 files changed, 24 insertions(+), 466 deletions(-)
[2026-03-22 19:30:01] Pushing to origin (match data updated)...
remote: This repository moved. Please use the new location:        
remote:   https://github.com/FRCTeam272/2026-Scouting.git        
To https://github.com/frcTeam272/2026-Scouting
   952e5bb..c0f8fe7  main -> main
[2026-03-22 19:30:01] Push complete.
[2026-03-22 19:30:01] === TBA update finished ===
[2026-03-22 19:45:01] === TBA update started ===
[2026-03-22 19:45:01] Matches in DB before import: 391 total, 389 completed
[2026-03-22 19:45:01] Running import_matches.py...
Fetching 2026fma event list from TBA...
  10 events: ['2026mrcmp', '2026njfla', '2026njrob', '2026njski', '2026njtab', '2026njwas', '2026paben', '2026pahat', '2026paphi', '2026pawar']

  2026mrcmp: 0 finals match(es) in DB — fetching from TBA...
    Saved 0 matches to 2026mrcmp_matches.json
    No matches yet — fetching registered team list for 2026mrcmp...
    3 teams registered: frc1218, frc272, frc316
  2026njfla: 0 finals match(es) in DB — fetching from TBA...
    Saved 0 matches to 2026njfla_matches.json
    No matches yet — fetching registered team list for 2026njfla...
    34 teams registered: frc10232, frc10366, frc10995, frc10997, frc11, frc1626, frc1676, frc1811, frc193, frc219, frc222, frc223, frc3142, frc41, frc430, frc4652, frc4653, frc555, frc5624, frc5732, frc5992, frc6016, frc6860, frc6945, frc7045, frc8075, frc8117, frc8513, frc8628, frc8706, frc8707, frc8771, frc9116, frc9424
  2026njrob: 1 unresolved match(es) in DB — fetching from TBA...
    Saved 73 matches to 2026njrob_matches.json
Done 2026njrob. Inserted 0 matches, skipped 73 duplicates -> matches.db
  2026njski: 0 finals match(es) in DB — fetching from TBA...
    Saved 0 matches to 2026njski_matches.json
    No matches yet — fetching registered team list for 2026njski...
    35 teams registered: frc102, frc10232, frc10366, frc11104, frc1279, frc1403, frc2191, frc2458, frc2495, frc25, frc2577, frc293, frc303, frc3314, frc3340, frc3637, frc428, frc433, frc4361, frc4573, frc4750, frc484, frc5407, frc5438, frc56, frc5895, frc6860, frc6897, frc7045, frc75, frc8130, frc8588, frc8628, frc8714, frc9424
  2026njtab: 2 finals match(es) already in DB, no unresolved — skipping fetch
  2026njwas: 2 finals match(es) already in DB, no unresolved — skipping fetch
  2026paben: 0 finals match(es) in DB — fetching from TBA...
    Saved 0 matches to 2026paben_matches.json
    No matches yet — fetching registered team list for 2026paben...
    34 teams registered: frc10143, frc103, frc10584, frc1089, frc1257, frc1640, frc1712, frc1807, frc2016, frc2539, frc2554, frc2590, frc2722, frc316, frc321, frc427, frc4285, frc4342, frc4575, frc4637, frc4750, frc5401, frc5490, frc5789, frc714, frc7414, frc7587, frc834, frc8630, frc87, frc8704, frc8721, frc9027, frc9100
  2026pahat: 2 finals match(es) already in DB, no unresolved — skipping fetch
  2026paphi: 0 finals match(es) in DB — fetching from TBA...
    Saved 0 matches to 2026paphi_matches.json
    No matches yet — fetching registered team list for 2026paphi...
    29 teams registered: frc10143, frc10170, frc10600, frc10918, frc10949, frc10979, frc10989, frc11225, frc1218, frc1279, frc1391, frc1811, frc2016, frc203, frc204, frc2180, frc2720, frc321, frc365, frc423, frc4575, frc4638, frc501, frc6921, frc708, frc714, frc816, frc8630, frc9094
  2026pawar: 1 unresolved match(es) in DB — fetching from TBA...
    Saved 81 matches to 2026pawar_matches.json
Done 2026pawar. Inserted 0 matches, skipped 81 duplicates -> matches.db

Syncing team names...
[2026-03-22 19:45:01] Matches in DB after import: 391 total, 389 completed
[2026-03-22 19:45:01] Running create_view.py...
Loading data from matches.db...
  132 teams, 391 matches  →  Region Wide.html
  29 teams, 74 matches  →  2026njro.html
  32 teams, 79 matches  →  2026njta.html
  30 teams, 75 matches  →  2026njwa.html
  33 teams, 81 matches  →  2026paha.html
  33 teams, 82 matches  →  2026pawa.html
  3 teams (upcoming)  →  2026mrcmp.html
  34 teams (upcoming)  →  2026njfla.html
  35 teams (upcoming)  →  2026njski.html
  34 teams (upcoming)  →  2026paben.html
  29 teams (upcoming)  →  2026paphi.html
  index.html  →  11 pages listed
Done. Generated 12 file(s).
[2026-03-22 19:45:01] Staging changes...
[main 322d025] Auto-update: matches 391->391 (+0), completed 389->389 (+0) [2026-03-22 19:45:01]
 13 files changed, 81 insertions(+), 18 deletions(-)
[2026-03-22 19:45:01] Pushing to origin (match data updated)...
remote: This repository moved. Please use the new location:        
remote:   https://github.com/FRCTeam272/2026-Scouting.git        
To https://github.com/frcTeam272/2026-Scouting
   c0f8fe7..322d025  main -> main
[2026-03-22 19:45:01] Push complete.
[2026-03-22 19:45:01] === TBA update finished ===
[2026-03-22 20:00:01] === TBA update started ===
[2026-03-22 20:00:01] Matches in DB before import: 391 total, 389 completed
[2026-03-22 20:00:01] Running import_matches.py...
Fetching 2026fma event list from TBA...
  10 events: ['2026mrcmp', '2026njfla', '2026njrob', '2026njski', '2026njtab', '2026njwas', '2026paben', '2026pahat', '2026paphi', '2026pawar']

  2026mrcmp: 0 finals match(es) in DB — fetching from TBA...
    Saved 0 matches to 2026mrcmp_matches.json
    No matches yet — fetching registered team list for 2026mrcmp...
    3 teams registered: frc1218, frc272, frc316
  2026njfla: 0 finals match(es) in DB — fetching from TBA...
    Saved 0 matches to 2026njfla_matches.json
    No matches yet — fetching registered team list for 2026njfla...
    34 teams registered: frc10232, frc10366, frc10995, frc10997, frc11, frc1626, frc1676, frc1811, frc193, frc219, frc222, frc223, frc3142, frc41, frc430, frc4652, frc4653, frc555, frc5624, frc5732, frc5992, frc6016, frc6860, frc6945, frc7045, frc8075, frc8117, frc8513, frc8628, frc8706, frc8707, frc8771, frc9116, frc9424
  2026njrob: 1 unresolved match(es) in DB — fetching from TBA...
    Saved 73 matches to 2026njrob_matches.json
Done 2026njrob. Inserted 0 matches, skipped 73 duplicates -> matches.db
  2026njski: 0 finals match(es) in DB — fetching from TBA...
    Saved 0 matches to 2026njski_matches.json
    No matches yet — fetching registered team list for 2026njski...
    35 teams registered: frc102, frc10232, frc10366, frc11104, frc1279, frc1403, frc2191, frc2458, frc2495, frc25, frc2577, frc293, frc303, frc3314, frc3340, frc3637, frc428, frc433, frc4361, frc4573, frc4750, frc484, frc5407, frc5438, frc56, frc5895, frc6860, frc6897, frc7045, frc75, frc8130, frc8588, frc8628, frc8714, frc9424
  2026njtab: 2 finals match(es) already in DB, no unresolved — skipping fetch
  2026njwas: 2 finals match(es) already in DB, no unresolved — skipping fetch
  2026paben: 0 finals match(es) in DB — fetching from TBA...
    Saved 0 matches to 2026paben_matches.json
    No matches yet — fetching registered team list for 2026paben...
    34 teams registered: frc10143, frc103, frc10584, frc1089, frc1257, frc1640, frc1712, frc1807, frc2016, frc2539, frc2554, frc2590, frc2722, frc316, frc321, frc427, frc4285, frc4342, frc4575, frc4637, frc4750, frc5401, frc5490, frc5789, frc714, frc7414, frc7587, frc834, frc8630, frc87, frc8704, frc8721, frc9027, frc9100
  2026pahat: 2 finals match(es) already in DB, no unresolved — skipping fetch
  2026paphi: 0 finals match(es) in DB — fetching from TBA...
    Saved 0 matches to 2026paphi_matches.json
    No matches yet — fetching registered team list for 2026paphi...
    29 teams registered: frc10143, frc10170, frc10600, frc10918, frc10949, frc10979, frc10989, frc11225, frc1218, frc1279, frc1391, frc1811, frc2016, frc203, frc204, frc2180, frc2720, frc321, frc365, frc423, frc4575, frc4638, frc501, frc6921, frc708, frc714, frc816, frc8630, frc9094
  2026pawar: 1 unresolved match(es) in DB — fetching from TBA...
    Saved 81 matches to 2026pawar_matches.json
Done 2026pawar. Inserted 0 matches, skipped 81 duplicates -> matches.db

Syncing team names...
[2026-03-22 20:00:01] Matches in DB after import: 391 total, 389 completed
[2026-03-22 20:00:01] Running create_view.py...
Loading data from matches.db...
  132 teams, 391 matches  →  Region Wide.html
  29 teams, 74 matches  →  2026njro.html
  32 teams, 79 matches  →  2026njta.html
  30 teams, 75 matches  →  2026njwa.html
  33 teams, 81 matches  →  2026paha.html
  33 teams, 82 matches  →  2026pawa.html
  3 teams (upcoming)  →  2026mrcmp.html
  34 teams (upcoming)  →  2026njfla.html
  35 teams (upcoming)  →  2026njski.html
  34 teams (upcoming)  →  2026paben.html
  29 teams (upcoming)  →  2026paphi.html
  index.html  →  11 pages listed
Done. Generated 12 file(s).
[2026-03-22 20:00:01] Staging changes...
[main 740fd8f] Auto-update: matches 391->391 (+0), completed 389->389 (+0) [2026-03-22 20:00:01]
 13 files changed, 81 insertions(+), 18 deletions(-)
[2026-03-22 20:00:01] Pushing to origin (match data updated)...
remote: This repository moved. Please use the new location:        
remote:   https://github.com/FRCTeam272/2026-Scouting.git        
To https://github.com/frcTeam272/2026-Scouting
   322d025..740fd8f  main -> main
[2026-03-22 20:00:01] Push complete.
[2026-03-22 20:00:01] === TBA update finished ===
[2026-03-27 06:15:01] === TBA update started ===
[2026-03-27 06:15:01] Matches in DB before import: 389 total, 389 completed
[2026-03-27 06:15:01] Running import_matches.py...
Fetching 2026fma event list from TBA...
  10 events: ['2026mrcmp', '2026njfla', '2026njrob', '2026njski', '2026njtab', '2026njwas', '2026paben', '2026pahat', '2026paphi', '2026pawar']

  2026mrcmp: 0 finals match(es) in DB — fetching from TBA...
    Saved 0 matches to 2026mrcmp_matches.json
    No matches yet — fetching registered team list for 2026mrcmp...
    4 teams registered: frc1218, frc272, frc316, frc341
  2026njfla: 0 finals match(es) in DB — fetching from TBA...
    Saved 0 matches to 2026njfla_matches.json
    No matches yet — fetching registered team list for 2026njfla...
    35 teams registered: frc10232, frc10366, frc10995, frc10997, frc11, frc1626, frc1676, frc1811, frc193, frc219, frc222, frc223, frc3142, frc41, frc430, frc4652, frc4653, frc555, frc5624, frc5732, frc5992, frc6016, frc6860, frc6945, frc7045, frc8075, frc8117, frc8513, frc8628, frc8706, frc8707, frc8771, frc9116, frc9424, frc9439
  2026njrob: 2 finals match(es) already in DB, no unresolved — skipping fetch
    Stored 17 award(s) for 2026njrob
  2026njski: 0 finals match(es) in DB — fetching from TBA...
    Saved 0 matches to 2026njski_matches.json
    No matches yet — fetching registered team list for 2026njski...
    36 teams registered: frc102, frc10232, frc10366, frc11104, frc1279, frc1403, frc2191, frc2458, frc2495, frc25, frc2577, frc293, frc303, frc3314, frc3340, frc3637, frc428, frc433, frc4361, frc4573, frc4750, frc484, frc5407, frc5438, frc56, frc5895, frc6860, frc6897, frc7045, frc75, frc8130, frc8588, frc8628, frc8714, frc9424, frc9439
  2026njtab: 2 finals match(es) already in DB, no unresolved — skipping fetch
    Stored 18 award(s) for 2026njtab
  2026njwas: 2 finals match(es) already in DB, no unresolved — skipping fetch
    Stored 18 award(s) for 2026njwas
  2026paben: 0 finals match(es) in DB — fetching from TBA...
    Saved 0 matches to 2026paben_matches.json
    No matches yet — fetching registered team list for 2026paben...
    34 teams registered: frc10143, frc103, frc10584, frc1089, frc1257, frc1640, frc1712, frc1807, frc2016, frc2539, frc2554, frc2590, frc2722, frc316, frc321, frc427, frc4285, frc4342, frc4575, frc4637, frc4750, frc5401, frc5490, frc5789, frc714, frc7414, frc7587, frc834, frc8630, frc87, frc8704, frc8721, frc9027, frc9100
  2026pahat: 2 finals match(es) already in DB, no unresolved — skipping fetch
    Stored 18 award(s) for 2026pahat
  2026paphi: 0 finals match(es) in DB — fetching from TBA...
    Saved 0 matches to 2026paphi_matches.json
    No matches yet — fetching registered team list for 2026paphi...
    30 teams registered: frc10143, frc10170, frc10600, frc10918, frc10949, frc10979, frc10989, frc11225, frc1218, frc1279, frc1391, frc1811, frc2016, frc203, frc204, frc2180, frc2720, frc321, frc365, frc423, frc4575, frc4638, frc501, frc6921, frc708, frc714, frc816, frc8630, frc9014, frc9094
  2026pawar: 2 finals match(es) already in DB, no unresolved — skipping fetch
    Stored 18 award(s) for 2026pawar

Syncing team names...
  Stored team info for frc9439: Knights of Polaris
[2026-03-27 06:15:01] Matches in DB after import: 389 total, 389 completed
[2026-03-27 06:15:01] Running create_view.py...
Loading data from matches.db...
  132 teams, 389 matches  →  Region Wide.html
  29 teams, 73 matches  →  2026njro.html
  32 teams, 79 matches  →  2026njta.html
  30 teams, 75 matches  →  2026njwa.html
  33 teams, 81 matches  →  2026paha.html
  33 teams, 81 matches  →  2026pawa.html
  4 teams (upcoming)  →  2026mrcmp.html
  35 teams (upcoming)  →  2026njfla.html
  36 teams (upcoming)  →  2026njski.html
  34 teams (upcoming)  →  2026paben.html
  30 teams (upcoming)  →  2026paphi.html
  index.html  →  11 pages listed
Done. Generated 12 file(s).
[2026-03-27 06:15:01] Staging changes...
[main 3554dfd] Auto-update: matches 389->389 (+0), completed 389->389 (+0) [2026-03-27 06:15:01]
 13 files changed, 99 insertions(+), 31 deletions(-)
[2026-03-27 06:15:01] Pushing to origin (match data updated)...
remote: This repository moved. Please use the new location:        
remote:   https://github.com/FRCTeam272/2026-Scouting.git        
To https://github.com/frcTeam272/2026-Scouting
   c529644..3554dfd  main -> main
[2026-03-27 06:15:01] Push complete.
[2026-03-27 06:15:01] === TBA update finished ===
[2026-03-27 06:30:01] === TBA update started ===
[2026-03-27 06:30:01] Matches in DB before import: 389 total, 389 completed
[2026-03-27 06:30:01] Running import_matches.py...
Fetching 2026fma event list from TBA...
  10 events: ['2026mrcmp', '2026njfla', '2026njrob', '2026njski', '2026njtab', '2026njwas', '2026paben', '2026pahat', '2026paphi', '2026pawar']

  2026mrcmp: 0 finals match(es) in DB — fetching from TBA...
    Saved 0 matches to 2026mrcmp_matches.json
    No matches yet — fetching registered team list for 2026mrcmp...
    4 teams registered: frc1218, frc272, frc316, frc341
  2026njfla: 0 finals match(es) in DB — fetching from TBA...
    Saved 0 matches to 2026njfla_matches.json
    No matches yet — fetching registered team list for 2026njfla...
    35 teams registered: frc10232, frc10366, frc10995, frc10997, frc11, frc1626, frc1676, frc1811, frc193, frc219, frc222, frc223, frc3142, frc41, frc430, frc4652, frc4653, frc555, frc5624, frc5732, frc5992, frc6016, frc6860, frc6945, frc7045, frc8075, frc8117, frc8513, frc8628, frc8706, frc8707, frc8771, frc9116, frc9424, frc9439
  2026njrob: 2 finals match(es) already in DB, no unresolved — skipping fetch
  2026njski: 0 finals match(es) in DB — fetching from TBA...
    Saved 0 matches to 2026njski_matches.json
    No matches yet — fetching registered team list for 2026njski...
    36 teams registered: frc102, frc10232, frc10366, frc11104, frc1279, frc1403, frc2191, frc2458, frc2495, frc25, frc2577, frc293, frc303, frc3314, frc3340, frc3637, frc428, frc433, frc4361, frc4573, frc4750, frc484, frc5407, frc5438, frc56, frc5895, frc6860, frc6897, frc7045, frc75, frc8130, frc8588, frc8628, frc8714, frc9424, frc9439
  2026njtab: 2 finals match(es) already in DB, no unresolved — skipping fetch
  2026njwas: 2 finals match(es) already in DB, no unresolved — skipping fetch
  2026paben: 0 finals match(es) in DB — fetching from TBA...
    Saved 0 matches to 2026paben_matches.json
    No matches yet — fetching registered team list for 2026paben...
    34 teams registered: frc10143, frc103, frc10584, frc1089, frc1257, frc1640, frc1712, frc1807, frc2016, frc2539, frc2554, frc2590, frc2722, frc316, frc321, frc427, frc4285, frc4342, frc4575, frc4637, frc4750, frc5401, frc5490, frc5789, frc714, frc7414, frc7587, frc834, frc8630, frc87, frc8704, frc8721, frc9027, frc9100
  2026pahat: 2 finals match(es) already in DB, no unresolved — skipping fetch
  2026paphi: 0 finals match(es) in DB — fetching from TBA...
    Saved 0 matches to 2026paphi_matches.json
    No matches yet — fetching registered team list for 2026paphi...
    30 teams registered: frc10143, frc10170, frc10600, frc10918, frc10949, frc10979, frc10989, frc11225, frc1218, frc1279, frc1391, frc1811, frc2016, frc203, frc204, frc2180, frc2720, frc321, frc365, frc423, frc4575, frc4638, frc501, frc6921, frc708, frc714, frc816, frc8630, frc9014, frc9094
  2026pawar: 2 finals match(es) already in DB, no unresolved — skipping fetch

Syncing team names...
[2026-03-27 06:30:01] Matches in DB after import: 389 total, 389 completed
[2026-03-27 06:30:01] Running create_view.py...
Loading data from matches.db...
  132 teams, 389 matches  →  Region Wide.html
  29 teams, 73 matches  →  2026njro.html
  32 teams, 79 matches  →  2026njta.html
  30 teams, 75 matches  →  2026njwa.html
  33 teams, 81 matches  →  2026paha.html
  33 teams, 81 matches  →  2026pawa.html
  4 teams (upcoming)  →  2026mrcmp.html
  35 teams (upcoming)  →  2026njfla.html
  36 teams (upcoming)  →  2026njski.html
  34 teams (upcoming)  →  2026paben.html
  30 teams (upcoming)  →  2026paphi.html
  index.html  →  11 pages listed
Done. Generated 12 file(s).
[2026-03-27 06:30:01] Staging changes...
[main 8b1b9b3] Auto-update: matches 389->389 (+0), completed 389->389 (+0) [2026-03-27 06:30:01]
 13 files changed, 77 insertions(+), 18 deletions(-)
[2026-03-27 06:30:01] Pushing to origin (match data updated)...
remote: This repository moved. Please use the new location:        
remote:   https://github.com/FRCTeam272/2026-Scouting.git        
To https://github.com/frcTeam272/2026-Scouting
   3554dfd..8b1b9b3  main -> main
[2026-03-27 06:30:01] Push complete.
[2026-03-27 06:30:01] === TBA update finished ===
[2026-03-27 06:45:01] === TBA update started ===
[2026-03-27 06:45:01] Matches in DB before import: 389 total, 389 completed
[2026-03-27 06:45:01] Running import_matches.py...
Fetching 2026fma event list from TBA...
  10 events: ['2026mrcmp', '2026njfla', '2026njrob', '2026njski', '2026njtab', '2026njwas', '2026paben', '2026pahat', '2026paphi', '2026pawar']

  2026mrcmp: 0 finals match(es) in DB — fetching from TBA...
    Saved 0 matches to 2026mrcmp_matches.json
    No matches yet — fetching registered team list for 2026mrcmp...
    4 teams registered: frc1218, frc272, frc316, frc341
  2026njfla: 0 finals match(es) in DB — fetching from TBA...
    Saved 0 matches to 2026njfla_matches.json
    No matches yet — fetching registered team list for 2026njfla...
    35 teams registered: frc10232, frc10366, frc10995, frc10997, frc11, frc1626, frc1676, frc1811, frc193, frc219, frc222, frc223, frc3142, frc41, frc430, frc4652, frc4653, frc555, frc5624, frc5732, frc5992, frc6016, frc6860, frc6945, frc7045, frc8075, frc8117, frc8513, frc8628, frc8706, frc8707, frc8771, frc9116, frc9424, frc9439
  2026njrob: 2 finals match(es) already in DB, no unresolved — skipping fetch
  2026njski: 0 finals match(es) in DB — fetching from TBA...
    Saved 0 matches to 2026njski_matches.json
    No matches yet — fetching registered team list for 2026njski...
    36 teams registered: frc102, frc10232, frc10366, frc11104, frc1279, frc1403, frc2191, frc2458, frc2495, frc25, frc2577, frc293, frc303, frc3314, frc3340, frc3637, frc428, frc433, frc4361, frc4573, frc4750, frc484, frc5407, frc5438, frc56, frc5895, frc6860, frc6897, frc7045, frc75, frc8130, frc8588, frc8628, frc8714, frc9424, frc9439
  2026njtab: 2 finals match(es) already in DB, no unresolved — skipping fetch
  2026njwas: 2 finals match(es) already in DB, no unresolved — skipping fetch
  2026paben: 0 finals match(es) in DB — fetching from TBA...
    Saved 0 matches to 2026paben_matches.json
    No matches yet — fetching registered team list for 2026paben...
    34 teams registered: frc10143, frc103, frc10584, frc1089, frc1257, frc1640, frc1712, frc1807, frc2016, frc2539, frc2554, frc2590, frc2722, frc316, frc321, frc427, frc4285, frc4342, frc4575, frc4637, frc4750, frc5401, frc5490, frc5789, frc714, frc7414, frc7587, frc834, frc8630, frc87, frc8704, frc8721, frc9027, frc9100
  2026pahat: 2 finals match(es) already in DB, no unresolved — skipping fetch
  2026paphi: 0 finals match(es) in DB — fetching from TBA...
    Saved 0 matches to 2026paphi_matches.json
    No matches yet — fetching registered team list for 2026paphi...
    30 teams registered: frc10143, frc10170, frc10600, frc10918, frc10949, frc10979, frc10989, frc11225, frc1218, frc1279, frc1391, frc1811, frc2016, frc203, frc204, frc2180, frc2720, frc321, frc365, frc423, frc4575, frc4638, frc501, frc6921, frc708, frc714, frc816, frc8630, frc9014, frc9094
  2026pawar: 2 finals match(es) already in DB, no unresolved — skipping fetch

Syncing team names...
[2026-03-27 06:45:01] Matches in DB after import: 389 total, 389 completed
[2026-03-27 06:45:01] Running create_view.py...
Loading data from matches.db...
  132 teams, 389 matches  →  Region Wide.html
  29 teams, 73 matches  →  2026njro.html
  32 teams, 79 matches  →  2026njta.html
  30 teams, 75 matches  →  2026njwa.html
  33 teams, 81 matches  →  2026paha.html
  33 teams, 81 matches  →  2026pawa.html
  4 teams (upcoming)  →  2026mrcmp.html
  35 teams (upcoming)  →  2026njfla.html
  36 teams (upcoming)  →  2026njski.html
  34 teams (upcoming)  →  2026paben.html
  30 teams (upcoming)  →  2026paphi.html
  index.html  →  11 pages listed
Done. Generated 12 file(s).
[2026-03-27 06:45:01] Staging changes...
[main 3386672] Auto-update: matches 389->389 (+0), completed 389->389 (+0) [2026-03-27 06:45:01]
 13 files changed, 77 insertions(+), 18 deletions(-)
[2026-03-27 06:45:01] Pushing to origin (match data updated)...
remote: This repository moved. Please use the new location:        
remote:   https://github.com/FRCTeam272/2026-Scouting.git        
To https://github.com/frcTeam272/2026-Scouting
   8b1b9b3..3386672  main -> main
[2026-03-27 06:45:01] Push complete.
[2026-03-27 06:45:01] === TBA update finished ===
[2026-03-27 07:00:01] === TBA update started ===
[2026-03-27 07:00:01] Matches in DB before import: 389 total, 389 completed
[2026-03-27 07:00:01] Running import_matches.py...
Fetching 2026fma event list from TBA...
  10 events: ['2026mrcmp', '2026njfla', '2026njrob', '2026njski', '2026njtab', '2026njwas', '2026paben', '2026pahat', '2026paphi', '2026pawar']

  2026mrcmp: 0 finals match(es) in DB — fetching from TBA...
    Saved 0 matches to 2026mrcmp_matches.json
    No matches yet — fetching registered team list for 2026mrcmp...
    4 teams registered: frc1218, frc272, frc316, frc341
  2026njfla: 0 finals match(es) in DB — fetching from TBA...
    Saved 0 matches to 2026njfla_matches.json
    No matches yet — fetching registered team list for 2026njfla...
    35 teams registered: frc10232, frc10366, frc10995, frc10997, frc11, frc1626, frc1676, frc1811, frc193, frc219, frc222, frc223, frc3142, frc41, frc430, frc4652, frc4653, frc555, frc5624, frc5732, frc5992, frc6016, frc6860, frc6945, frc7045, frc8075, frc8117, frc8513, frc8628, frc8706, frc8707, frc8771, frc9116, frc9424, frc9439
  2026njrob: 2 finals match(es) already in DB, no unresolved — skipping fetch
  2026njski: 0 finals match(es) in DB — fetching from TBA...
    Saved 0 matches to 2026njski_matches.json
    No matches yet — fetching registered team list for 2026njski...
    36 teams registered: frc102, frc10232, frc10366, frc11104, frc1279, frc1403, frc2191, frc2458, frc2495, frc25, frc2577, frc293, frc303, frc3314, frc3340, frc3637, frc428, frc433, frc4361, frc4573, frc4750, frc484, frc5407, frc5438, frc56, frc5895, frc6860, frc6897, frc7045, frc75, frc8130, frc8588, frc8628, frc8714, frc9424, frc9439
  2026njtab: 2 finals match(es) already in DB, no unresolved — skipping fetch
  2026njwas: 2 finals match(es) already in DB, no unresolved — skipping fetch
  2026paben: 0 finals match(es) in DB — fetching from TBA...
    Saved 0 matches to 2026paben_matches.json
    No matches yet — fetching registered team list for 2026paben...
    34 teams registered: frc10143, frc103, frc10584, frc1089, frc1257, frc1640, frc1712, frc1807, frc2016, frc2539, frc2554, frc2590, frc2722, frc316, frc321, frc427, frc4285, frc4342, frc4575, frc4637, frc4750, frc5401, frc5490, frc5789, frc714, frc7414, frc7587, frc834, frc8630, frc87, frc8704, frc8721, frc9027, frc9100
  2026pahat: 2 finals match(es) already in DB, no unresolved — skipping fetch
  2026paphi: 0 finals match(es) in DB — fetching from TBA...
    Saved 0 matches to 2026paphi_matches.json
    No matches yet — fetching registered team list for 2026paphi...
    30 teams registered: frc10143, frc10170, frc10600, frc10918, frc10949, frc10979, frc10989, frc11225, frc1218, frc1279, frc1391, frc1811, frc2016, frc203, frc204, frc2180, frc2720, frc321, frc365, frc423, frc4575, frc4638, frc501, frc6921, frc708, frc714, frc816, frc8630, frc9014, frc9094
  2026pawar: 2 finals match(es) already in DB, no unresolved — skipping fetch

Syncing team names...
[2026-03-27 07:00:01] Matches in DB after import: 389 total, 389 completed
[2026-03-27 07:00:01] Running create_view.py...
Loading data from matches.db...
  132 teams, 389 matches  →  Region Wide.html
  29 teams, 73 matches  →  2026njro.html
  32 teams, 79 matches  →  2026njta.html
  30 teams, 75 matches  →  2026njwa.html
  33 teams, 81 matches  →  2026paha.html
  33 teams, 81 matches  →  2026pawa.html
  4 teams (upcoming)  →  2026mrcmp.html
  35 teams (upcoming)  →  2026njfla.html
  36 teams (upcoming)  →  2026njski.html
  34 teams (upcoming)  →  2026paben.html
  30 teams (upcoming)  →  2026paphi.html
  index.html  →  11 pages listed
Done. Generated 12 file(s).
[2026-03-27 07:00:01] Staging changes...
[main 48905b8] Auto-update: matches 389->389 (+0), completed 389->389 (+0) [2026-03-27 07:00:01]
 13 files changed, 77 insertions(+), 18 deletions(-)
[2026-03-27 07:00:01] Pushing to origin (match data updated)...
remote: This repository moved. Please use the new location:        
remote:   https://github.com/FRCTeam272/2026-Scouting.git        
To https://github.com/frcTeam272/2026-Scouting
   3386672..48905b8  main -> main
[2026-03-27 07:00:01] Push complete.
[2026-03-27 07:00:01] === TBA update finished ===
[2026-03-27 07:15:01] === TBA update started ===
[2026-03-27 07:15:01] Matches in DB before import: 389 total, 389 completed
[2026-03-27 07:15:01] Running import_matches.py...
Fetching 2026fma event list from TBA...
  10 events: ['2026mrcmp', '2026njfla', '2026njrob', '2026njski', '2026njtab', '2026njwas', '2026paben', '2026pahat', '2026paphi', '2026pawar']

  2026mrcmp: 0 finals match(es) in DB — fetching from TBA...
    Saved 0 matches to 2026mrcmp_matches.json
    No matches yet — fetching registered team list for 2026mrcmp...
    4 teams registered: frc1218, frc272, frc316, frc341
  2026njfla: 0 finals match(es) in DB — fetching from TBA...
    Saved 0 matches to 2026njfla_matches.json
    No matches yet — fetching registered team list for 2026njfla...
    35 teams registered: frc10232, frc10366, frc10995, frc10997, frc11, frc1626, frc1676, frc1811, frc193, frc219, frc222, frc223, frc3142, frc41, frc430, frc4652, frc4653, frc555, frc5624, frc5732, frc5992, frc6016, frc6860, frc6945, frc7045, frc8075, frc8117, frc8513, frc8628, frc8706, frc8707, frc8771, frc9116, frc9424, frc9439
  2026njrob: 2 finals match(es) already in DB, no unresolved — skipping fetch
  2026njski: 0 finals match(es) in DB — fetching from TBA...
    Saved 0 matches to 2026njski_matches.json
    No matches yet — fetching registered team list for 2026njski...
    36 teams registered: frc102, frc10232, frc10366, frc11104, frc1279, frc1403, frc2191, frc2458, frc2495, frc25, frc2577, frc293, frc303, frc3314, frc3340, frc3637, frc428, frc433, frc4361, frc4573, frc4750, frc484, frc5407, frc5438, frc56, frc5895, frc6860, frc6897, frc7045, frc75, frc8130, frc8588, frc8628, frc8714, frc9424, frc9439
  2026njtab: 2 finals match(es) already in DB, no unresolved — skipping fetch
  2026njwas: 2 finals match(es) already in DB, no unresolved — skipping fetch
  2026paben: 0 finals match(es) in DB — fetching from TBA...
    Saved 0 matches to 2026paben_matches.json
    No matches yet — fetching registered team list for 2026paben...
    34 teams registered: frc10143, frc103, frc10584, frc1089, frc1257, frc1640, frc1712, frc1807, frc2016, frc2539, frc2554, frc2590, frc2722, frc316, frc321, frc427, frc4285, frc4342, frc4575, frc4637, frc4750, frc5401, frc5490, frc5789, frc714, frc7414, frc7587, frc834, frc8630, frc87, frc8704, frc8721, frc9027, frc9100
  2026pahat: 2 finals match(es) already in DB, no unresolved — skipping fetch
  2026paphi: 0 finals match(es) in DB — fetching from TBA...
    Saved 0 matches to 2026paphi_matches.json
    No matches yet — fetching registered team list for 2026paphi...
    30 teams registered: frc10143, frc10170, frc10600, frc10918, frc10949, frc10979, frc10989, frc11225, frc1218, frc1279, frc1391, frc1811, frc2016, frc203, frc204, frc2180, frc2720, frc321, frc365, frc423, frc4575, frc4638, frc501, frc6921, frc708, frc714, frc816, frc8630, frc9014, frc9094
  2026pawar: 2 finals match(es) already in DB, no unresolved — skipping fetch

Syncing team names...
[2026-03-27 07:15:01] Matches in DB after import: 389 total, 389 completed
[2026-03-27 07:15:01] Running create_view.py...
Loading data from matches.db...
  132 teams, 389 matches  →  Region Wide.html
  29 teams, 73 matches  →  2026njro.html
  32 teams, 79 matches  →  2026njta.html
  30 teams, 75 matches  →  2026njwa.html
  33 teams, 81 matches  →  2026paha.html
  33 teams, 81 matches  →  2026pawa.html
  4 teams (upcoming)  →  2026mrcmp.html
  35 teams (upcoming)  →  2026njfla.html
  36 teams (upcoming)  →  2026njski.html
  34 teams (upcoming)  →  2026paben.html
  30 teams (upcoming)  →  2026paphi.html
  index.html  →  11 pages listed
Done. Generated 12 file(s).
[2026-03-27 07:15:01] Staging changes...
[main 1cdb697] Auto-update: matches 389->389 (+0), completed 389->389 (+0) [2026-03-27 07:15:01]
 13 files changed, 77 insertions(+), 18 deletions(-)
[2026-03-27 07:15:01] Pushing to origin (match data updated)...
remote: This repository moved. Please use the new location:        
remote:   https://github.com/FRCTeam272/2026-Scouting.git        
To https://github.com/frcTeam272/2026-Scouting
   48905b8..1cdb697  main -> main
[2026-03-27 07:15:01] Push complete.
[2026-03-27 07:15:01] === TBA update finished ===
[2026-03-27 07:30:01] === TBA update started ===
[2026-03-27 07:30:01] Matches in DB before import: 389 total, 389 completed
[2026-03-27 07:30:01] Running import_matches.py...
Fetching 2026fma event list from TBA...
  10 events: ['2026mrcmp', '2026njfla', '2026njrob', '2026njski', '2026njtab', '2026njwas', '2026paben', '2026pahat', '2026paphi', '2026pawar']

  2026mrcmp: 0 finals match(es) in DB — fetching from TBA...
    Saved 0 matches to 2026mrcmp_matches.json
    No matches yet — fetching registered team list for 2026mrcmp...
    4 teams registered: frc1218, frc272, frc316, frc341
  2026njfla: 0 finals match(es) in DB — fetching from TBA...
    Saved 0 matches to 2026njfla_matches.json
    No matches yet — fetching registered team list for 2026njfla...
    35 teams registered: frc10232, frc10366, frc10995, frc10997, frc11, frc1626, frc1676, frc1811, frc193, frc219, frc222, frc223, frc3142, frc41, frc430, frc4652, frc4653, frc555, frc5624, frc5732, frc5992, frc6016, frc6860, frc6945, frc7045, frc8075, frc8117, frc8513, frc8628, frc8706, frc8707, frc8771, frc9116, frc9424, frc9439
  2026njrob: 2 finals match(es) already in DB, no unresolved — skipping fetch
  2026njski: 0 finals match(es) in DB — fetching from TBA...
    Saved 0 matches to 2026njski_matches.json
    No matches yet — fetching registered team list for 2026njski...
    36 teams registered: frc102, frc10232, frc10366, frc11104, frc1279, frc1403, frc2191, frc2458, frc2495, frc25, frc2577, frc293, frc303, frc3314, frc3340, frc3637, frc428, frc433, frc4361, frc4573, frc4750, frc484, frc5407, frc5438, frc56, frc5895, frc6860, frc6897, frc7045, frc75, frc8130, frc8588, frc8628, frc8714, frc9424, frc9439
  2026njtab: 2 finals match(es) already in DB, no unresolved — skipping fetch
  2026njwas: 2 finals match(es) already in DB, no unresolved — skipping fetch
  2026paben: 0 finals match(es) in DB — fetching from TBA...
    Saved 0 matches to 2026paben_matches.json
    No matches yet — fetching registered team list for 2026paben...
    34 teams registered: frc10143, frc103, frc10584, frc1089, frc1257, frc1640, frc1712, frc1807, frc2016, frc2539, frc2554, frc2590, frc2722, frc316, frc321, frc427, frc4285, frc4342, frc4575, frc4637, frc4750, frc5401, frc5490, frc5789, frc714, frc7414, frc7587, frc834, frc8630, frc87, frc8704, frc8721, frc9027, frc9100
  2026pahat: 2 finals match(es) already in DB, no unresolved — skipping fetch
  2026paphi: 0 finals match(es) in DB — fetching from TBA...
    Saved 0 matches to 2026paphi_matches.json
    No matches yet — fetching registered team list for 2026paphi...
    30 teams registered: frc10143, frc10170, frc10600, frc10918, frc10949, frc10979, frc10989, frc11225, frc1218, frc1279, frc1391, frc1811, frc2016, frc203, frc204, frc2180, frc2720, frc321, frc365, frc423, frc4575, frc4638, frc501, frc6921, frc708, frc714, frc816, frc8630, frc9014, frc9094
  2026pawar: 2 finals match(es) already in DB, no unresolved — skipping fetch

Syncing team names...
[2026-03-27 07:30:01] Matches in DB after import: 389 total, 389 completed
[2026-03-27 07:30:01] Running create_view.py...
Loading data from matches.db...
  132 teams, 389 matches  →  Region Wide.html
  29 teams, 73 matches  →  2026njro.html
  32 teams, 79 matches  →  2026njta.html
  30 teams, 75 matches  →  2026njwa.html
  33 teams, 81 matches  →  2026paha.html
  33 teams, 81 matches  →  2026pawa.html
  4 teams (upcoming)  →  2026mrcmp.html
  35 teams (upcoming)  →  2026njfla.html
  36 teams (upcoming)  →  2026njski.html
  34 teams (upcoming)  →  2026paben.html
  30 teams (upcoming)  →  2026paphi.html
  index.html  →  11 pages listed
Done. Generated 12 file(s).
[2026-03-27 07:30:01] Staging changes...
